Build started 2.2.2017 г. 19:30:41.
     1>Project "C:\Users\stanislav\Documents\Visual Studio 2013\Projects\regex-search-SDA-Project\regex-search-SDA-Project\regex-search-SDA-Project.vcxproj" on node 2 (Build target(s)).
     1>ClCompile:
         C:\Program Files (x86)\Microsoft Visual Studio 12.0\VC\bin\CL.exe /c /ZI /nologo /W3 /WX- /sdl /Od /Oy- /D WIN32 /D _DEBUG /D _CONSOLE /D _LIB /D _UNICODE /D UNICODE /Gm /EHsc /RTC1 /MDd /GS /fp:precise /Zc:wchar_t /Zc:forScope /Fo"Debug\\" /Fd"Debug\vc120.pdb" /Gd /TP /analyze- /errorReport:prompt RegexParser.cpp "regex-search-SDA-Project.cpp"
         RegexParser.cpp
     1>c:\users\stanislav\documents\visual studio 2013\projects\regex-search-sda-project\regex-search-sda-project\regexparser.cpp(34): warning C4018: '<' : signed/unsigned mismatch
     1>c:\users\stanislav\documents\visual studio 2013\projects\regex-search-sda-project\regex-search-sda-project\regexparser.cpp(68): warning C4101: 'c' : unreferenced local variable
         Generating Code...
         Compiling...
         regex-search-SDA-Project.cpp
     1>c:\users\stanislav\documents\visual studio 2013\projects\regex-search-sda-project\regex-search-sda-project\helperfunctions.h(28): warning C4018: '<' : signed/unsigned mismatch
     1>c:\users\stanislav\documents\visual studio 2013\projects\regex-search-sda-project\regex-search-sda-project\helperfunctions.h(123): warning C4018: '<' : signed/unsigned mismatch
         Generating Code...
       Link:
         C:\Program Files (x86)\Microsoft Visual Studio 12.0\VC\bin\link.exe /ERRORREPORT:PROMPT /OUT:"C:\Users\stanislav\Documents\Visual Studio 2013\Projects\regex-search-SDA-Project\Debug\regex-search-SDA-Project.exe" /INCREMENTAL /NOLOGO kernel32.lib user32.lib gdi32.lib winspool.lib comdlg32.lib advapi32.lib shell32.lib ole32.lib oleaut32.lib uuid.lib odbc32.lib odbccp32.lib /MANIFEST /MANIFESTUAC:"level='asInvoker' uiAccess='false'" /manifest:embed /DEBUG /PDB:"C:\Users\stanislav\Documents\Visual Studio 2013\Projects\regex-search-SDA-Project\Debug\regex-search-SDA-Project.pdb" /SUBSYSTEM:CONSOLE /TLBID:1 /DYNAMICBASE /NXCOMPAT /IMPLIB:"C:\Users\stanislav\Documents\Visual Studio 2013\Projects\regex-search-SDA-Project\Debug\regex-search-SDA-Project.lib" /MACHINE:X86 "Debug\regex-search-SDA-Project.obj"
         Debug\RegexParser.obj
         regex-search-SDA-Project.vcxproj -> C:\Users\stanislav\Documents\Visual Studio 2013\Projects\regex-search-SDA-Project\Debug\regex-search-SDA-Project.exe
     1>Done Building Project "C:\Users\stanislav\Documents\Visual Studio 2013\Projects\regex-search-SDA-Project\regex-search-SDA-Project\regex-search-SDA-Project.vcxproj" (Build target(s)).

Build succeeded.

Time Elapsed 00:00:01.40
